#
# There is insufficient memory for the Java Runtime Environment to continue.
# Native memory allocation (mmap) failed to map 134217728 bytes for Failed to commit area from 0x0000000080000000 to 0x0000000088000000 of length 134217728.
# Possible reasons:
#   The system is out of physical RAM or swap space
#   The process is running with CompressedOops enabled, and the Java Heap may be blocking the growth of the native heap
# Possible solutions:
#   Reduce memory load on the system
#   Increase physical memory or swap space
#   Check if swap backing store is full
#   Decrease Java heap size (-Xmx/-Xms)
#   Decrease number of Java threads
#   Decrease Java thread stack sizes (-Xss)
#   Set larger code cache with -XX:ReservedCodeCacheSize=
# This output file may be truncated or incomplete.
#
#  Out of Memory Error (t:/workspace/hotspot/src/os/windows/vm/os_windows.cpp:3357), pid=15060, tid=15020
#
# JRE version:  (9.0+11) (build )
# Java VM: Java HotSpot(TM) 64-Bit Server VM (9.0.4+11, mixed mode, tiered, compressed oops, g1 gc, windows-amd64)
# No core dump will be written. Minidumps are not enabled by default on client versions of Windows
#

---------------  S U M M A R Y ------------

Command Line: -Xms128m -Xmx2048m 

Host: AMD Ryzen 7 1700 Eight-Core Processor          , 16 cores, 15G,  Windows 10 , 64 bit Build 16299 (10.0.16299.15)
Time: Sat Mar 10 22:16:39 2018 India Standard Time elapsed time: 0 seconds (0d 0h 0m 0s)

---------------  T H R E A D  ---------------

Current thread (0x0000016db9bd9000):  JavaThread "Unknown thread" [_thread_in_vm, id=15020, stack(0x00000054e1200000,0x00000054e13f0000)]

Stack: [0x00000054e1200000,0x00000054e13f0000]
Native frames: (J=compiled Java code, j=interpreted, Vv=VM code, C=native code)
C  0x0000000058367068
C  0x000000005847c25e
C  0x000000005847d17a
C  0x000000005847d7b3
C  0x0000000057ffd198
C  0x0000000058364bb4
C  0x000000005835a095
C  0x00000000580ad67b
C  0x00000000580ad5e3
C  0x00000000580ad4b2
C  0x00000000580af4b3
C  0x00000000580f91e3
C  0x00000000580f98f6
C  0x00000000580f92e3
C  0x000000005808deb8
C  0x000000005808f0e7
C  0x000000005845b34d
C  0x000000005845c70c
C  0x00000000581069c9
C  0x000000005844555e
C  0x0000000058171811
C  0x00000000581737c1
C  [_jpype.cp36-win_amd64.pyd+0x230d1]
C  [_jpype.cp36-win_amd64.pyd+0x21123]
C  [_jpype.cp36-win_amd64.pyd+0x4230c]
C  [python36.dll+0x3ade2]
C  [python36.dll+0x3a4f3]
C  [python36.dll+0x18979]
C  [python36.dll+0x3b35b]
C  [python36.dll+0x34285]
C  [python36.dll+0x1b1c5]
C  [python36.dll+0x3a6ce]
C  [python36.dll+0x18979]
C  [python36.dll+0x3b35b]
C  [python36.dll+0x39fb0]
C  [python36.dll+0x39d95]
C  [python36.dll+0x3d52c]
C  [python36.dll+0x3b147]
C  [python36.dll+0x3a84f]
C  [python36.dll+0x1a0f1]
C  [python36.dll+0x3b35b]
C  [python36.dll+0x39fb0]
C  [python36.dll+0x39d95]
C  [python36.dll+0x3d52c]
C  [python36.dll+0x3b147]
C  [python36.dll+0x3a84f]
C  [python36.dll+0x1a0f1]
C  [python36.dll+0x3a6ce]
C  [python36.dll+0x18979]
C  [python36.dll+0x3b35b]
C  [python36.dll+0x3a95f]
C  [python36.dll+0x18979]
C  [python36.dll+0x3a6ce]
C  [python36.dll+0x18979]
C  [python36.dll+0x3a6ce]
C  [python36.dll+0x18979]
C  [python36.dll+0x3b35b]
C  [python36.dll+0x39fb0]
C  [python36.dll+0x39d95]
C  [python36.dll+0x3d52c]
C  [python36.dll+0x3b147]
C  [python36.dll+0x3a84f]
C  [python36.dll+0x18979]
C  [python36.dll+0x3b35b]
C  [python36.dll+0x3a95f]
C  [python36.dll+0x18979]
C  [python36.dll+0x3b35b]
C  [python36.dll+0x6da5]
C  [python36.dll+0x6c87]
C  [python36.dll+0x3ade2]
C  [python36.dll+0x3a4f3]
C  [python36.dll+0x18979]
C  [python36.dll+0x3b35b]
C  [python36.dll+0x3a95f]
C  [python36.dll+0x18979]
C  [python36.dll+0x3b35b]
C  [python36.dll+0x34285]
C  [python36.dll+0xb5e8]
C  [python36.dll+0xeafc5]
C  [python36.dll+0x89f93]
C  [python.exe+0x126d]
C  [KERNEL32.DLL+0x11fe4]
C  [ntdll.dll+0x6efb1]


---------------  P R O C E S S  ---------------

Java Threads: ( => current thread )

Other Threads:
  0x0000016d8916b000 GCTaskThread "GC Thread#0" [stack: 0x00000054e36d0000,0x00000054e38c0000] [id=18712]
  0x0000016d89168800 GCTaskThread "GC Thread#1" [stack: 0x00000054e38c0000,0x00000054e3ab0000] [id=6896]
  0x0000016d89164000 GCTaskThread "GC Thread#2" [stack: 0x00000054e3ab0000,0x00000054e3ca0000] [id=1208]
  0x0000016d8916b800 GCTaskThread "GC Thread#3" [stack: 0x00000054e3ca0000,0x00000054e3e90000] [id=4684]
  0x0000016d89167000 GCTaskThread "GC Thread#4" [stack: 0x00000054e3e90000,0x00000054e4080000] [id=668]
  0x0000016d89164800 GCTaskThread "GC Thread#5" [stack: 0x00000054e4080000,0x00000054e4270000] [id=6544]
  0x0000016d8916c800 GCTaskThread "GC Thread#6" [stack: 0x00000054e4270000,0x00000054e4460000] [id=14076]
  0x0000016d89165800 GCTaskThread "GC Thread#7" [stack: 0x00000054e4460000,0x00000054e4650000] [id=11212]
  0x0000016d89166000 GCTaskThread "GC Thread#8" [stack: 0x00000054e4650000,0x00000054e4840000] [id=19172]
  0x0000016d8916d800 GCTaskThread "GC Thread#9" [stack: 0x00000054e4840000,0x00000054e4a30000] [id=13640]
  0x0000016d89166800 GCTaskThread "GC Thread#10" [stack: 0x00000054e4a30000,0x00000054e4c20000] [id=18912]
  0x0000016d8916e000 GCTaskThread "GC Thread#11" [stack: 0x00000054e4c20000,0x00000054e4e10000] [id=8280]
  0x0000016d89171800 GCTaskThread "GC Thread#12" [stack: 0x00000054e4e10000,0x00000054e5000000] [id=13624]
  0x0000016d88ef1000 ConcurrentGCThread "G1 Main Marker" [stack: 0x00000054e6b20000,0x00000054e6d10000] [id=12080]
  0x0000016d89170800 ConcurrentGCThread "G1 Marker#0" [stack: 0x00000054e6d10000,0x00000054e6f00000] [id=15044]
  0x0000016d8916d000 ConcurrentGCThread "G1 Marker#1" [stack: 0x00000054e6f00000,0x00000054e70f0000] [id=10168]
  0x0000016d8916f000 ConcurrentGCThread "G1 Marker#2" [stack: 0x00000054e70f0000,0x00000054e72e0000] [id=13808]
  0x0000016d88ef8800 ConcurrentGCThread "G1 Refine#0" [stack: 0x00000054e6740000,0x00000054e6930000] [id=16760]
  0x0000016da8c25800 ConcurrentGCThread "G1 Refine#1" [stack: 0x00000054e6550000,0x00000054e6740000] [id=16808]
  0x0000016da8c25000 ConcurrentGCThread "G1 Refine#2" [stack: 0x00000054e6360000,0x00000054e6550000] [id=13188]
  0x0000016daf430000 ConcurrentGCThread "G1 Refine#3" [stack: 0x00000054e6170000,0x00000054e6360000] [id=11976]
  0x0000016dae037800 ConcurrentGCThread "G1 Refine#4" [stack: 0x00000054e5f80000,0x00000054e6170000] [id=876]
  0x0000016dae035000 ConcurrentGCThread "G1 Refine#5" [stack: 0x00000054e5d90000,0x00000054e5f80000] [id=12760]
  0x0000016dae032800 ConcurrentGCThread "G1 Refine#6" [stack: 0x00000054e5ba0000,0x00000054e5d90000] [id=12244]
  0x0000016dae030800 ConcurrentGCThread "G1 Refine#7" [stack: 0x00000054e59b0000,0x00000054e5ba0000] [id=2760]
  0x0000016dbd6bc800 ConcurrentGCThread "G1 Refine#8" [stack: 0x00000054e57c0000,0x00000054e59b0000] [id=6640]
  0x0000016dbd6b9800 ConcurrentGCThread "G1 Refine#9" [stack: 0x00000054e55d0000,0x00000054e57c0000] [id=10904]
  0x0000016dbd6b8000 ConcurrentGCThread "G1 Refine#10" [stack: 0x00000054e53e0000,0x00000054e55d0000] [id=124]
  0x0000016dbd6b6000 ConcurrentGCThread "G1 Refine#11" [stack: 0x00000054e51f0000,0x00000054e53e0000] [id=8248]
  0x0000016dbd6b3000 ConcurrentGCThread "G1 Refine#12" [stack: 0x00000054e5000000,0x00000054e51f0000] [id=8972]
  0x0000016da8c2b800 ConcurrentGCThread "G1 Young RemSet Sampling" [stack: 0x00000054e6930000,0x00000054e6b20000] [id=7212]

=>0x0000016db9bd9000 (exited) JavaThread "Unknown thread" [_thread_in_vm, id=15020, stack(0x00000054e1200000,0x00000054e13f0000)]

Threads with active compile tasks:

VM state:not at safepoint (not fully initialized)

VM Mutex/Monitor currently owned by a thread:  ([mutex/lock_event])
[0x0000016db9bd84d0] Heap_lock - owner thread: 0x0000016db9bd9000

Heap address: 0x0000000080000000, size: 2048 MB, Compressed Oops mode: Non-zero based: 0x0000000080000000
Narrow klass base: 0x0000000000000000, Narrow klass shift: 0

GC Heap History (0 events):
No events

Deoptimization events (0 events):
No events

Classes redefined (0 events):
No events

Internal exceptions (0 events):
No events

Events (0 events):
No events


Dynamic libraries:
0x000000001c0b0000 - 0x000000001c0cc000 	D:\Program Files\Python36\python.exe
0x00007ffa51620000 - 0x00007ffa51800000 	C:\WINDOWS\SYSTEM32\ntdll.dll
0x00007ffa4f9b0000 - 0x00007ffa4fa5e000 	C:\WINDOWS\System32\KERNEL32.DLL
0x00007ffa4da80000 - 0x00007ffa4dce6000 	C:\WINDOWS\System32\KERNELBASE.dll
0x00007ffa4e9f0000 - 0x00007ffa4eae6000 	C:\WINDOWS\System32\ucrtbase.dll
0x0000000058b10000 - 0x0000000058eb0000 	D:\Program Files\Python36\python36.dll
0x00007ffa47170000 - 0x00007ffa47187000 	D:\Program Files\Python36\VCRUNTIME140.dll
0x00007ffa4f940000 - 0x00007ffa4f991000 	C:\WINDOWS\System32\SHLWAPI.dll
0x00007ffa4ee30000 - 0x00007ffa4eecd000 	C:\WINDOWS\System32\msvcrt.dll
0x00007ffa47530000 - 0x00007ffa4753a000 	C:\WINDOWS\SYSTEM32\VERSION.dll
0x00007ffa4eb20000 - 0x00007ffa4ee28000 	C:\WINDOWS\System32\combase.dll
0x00007ffa4f4f0000 - 0x00007ffa4f60f000 	C:\WINDOWS\System32\RPCRT4.dll
0x00007ffa4e970000 - 0x00007ffa4e9e2000 	C:\WINDOWS\System32\bcryptPrimitives.dll
0x00007ffa4eaf0000 - 0x00007ffa4eb18000 	C:\WINDOWS\System32\GDI32.dll
0x00007ffa4e760000 - 0x00007ffa4e8f3000 	C:\WINDOWS\System32\gdi32full.dll
0x00007ffa4e6c0000 - 0x00007ffa4e75b000 	C:\WINDOWS\System32\msvcp_win.dll
0x00007ffa4fd60000 - 0x00007ffa4feef000 	C:\WINDOWS\System32\USER32.dll
0x00007ffa4e900000 - 0x00007ffa4e920000 	C:\WINDOWS\System32\win32u.dll
0x00007ffa4fa60000 - 0x00007ffa4facc000 	C:\WINDOWS\System32\WS2_32.dll
0x00007ffa4ffa0000 - 0x00007ffa50041000 	C:\WINDOWS\System32\ADVAPI32.dll
0x00007ffa4fbb0000 - 0x00007ffa4fc0b000 	C:\WINDOWS\System32\sechost.dll
0x00007ffa4fc10000 - 0x00007ffa4fd59000 	C:\WINDOWS\System32\ole32.dll
0x00007ffa50050000 - 0x00007ffa50115000 	C:\WINDOWS\System32\OLEAUT32.dll
0x00007ffa50180000 - 0x00007ffa501ad000 	C:\WINDOWS\System32\IMM32.DLL
0x00007ffa4d3c0000 - 0x00007ffa4d3d7000 	C:\WINDOWS\SYSTEM32\CRYPTSP.dll
0x00007ffa4ce10000 - 0x00007ffa4ce43000 	C:\WINDOWS\system32\rsaenh.dll
0x00007ffa4d4d0000 - 0x00007ffa4d4f5000 	C:\WINDOWS\SYSTEM32\bcrypt.dll
0x00007ffa4d3e0000 - 0x00007ffa4d3eb000 	C:\WINDOWS\SYSTEM32\CRYPTBASE.dll
0x00007ffa48410000 - 0x00007ffa4841f000 	D:\Program Files\Python36\python3.dll
0x0000000058ac0000 - 0x0000000058b04000 	D:\Program Files\Python36\DLLs\_decimal.pyd
0x00007ffa472a0000 - 0x00007ffa472b0000 	D:\Program Files\Python36\lib\site-packages\simplejson\_speedups.cp36-win_amd64.pyd
0x0000000058a70000 - 0x0000000058a8a000 	D:\Program Files\Python36\DLLs\_bz2.pyd
0x00007ffa2faa0000 - 0x00007ffa2fae2000 	D:\Program Files\Python36\DLLs\_lzma.pyd
0x00007ffa281a0000 - 0x00007ffa2833c000 	D:\Program Files\Python36\DLLs\_hashlib.pyd
0x0000000058aa0000 - 0x0000000058ab5000 	D:\Program Files\Python36\DLLs\_socket.pyd
0x0000000058a90000 - 0x0000000058a9a000 	D:\Program Files\Python36\DLLs\select.pyd
0x00007ffa18bb0000 - 0x00007ffa18dad000 	D:\Program Files\Python36\DLLs\_ssl.pyd
0x00007ffa4dcf0000 - 0x00007ffa4debe000 	C:\WINDOWS\System32\CRYPT32.dll
0x00007ffa4da00000 - 0x00007ffa4da12000 	C:\WINDOWS\System32\MSASN1.dll
0x0000000058a40000 - 0x0000000058a63000 	D:\Program Files\Python36\DLLs\_ctypes.pyd
0x0000000058a10000 - 0x0000000058a3d000 	D:\Program Files\Python36\DLLs\_elementtree.pyd
0x00007ffa3e7f0000 - 0x00007ffa3e824000 	D:\Program Files\Python36\DLLs\pyexpat.pyd
0x00007ffa4d200000 - 0x00007ffa4d266000 	C:\WINDOWS\system32\mswsock.dll
0x0000000058930000 - 0x0000000058a10000 	D:\Program Files\Python36\DLLs\unicodedata.pyd
0x0000000058900000 - 0x0000000058926000 	D:\Program Files\Python36\lib\site-packages\win32\win32api.pyd
0x00007ffa501b0000 - 0x00007ffa515e6000 	C:\WINDOWS\System32\SHELL32.dll
0x00007ffa4e920000 - 0x00007ffa4e96a000 	C:\WINDOWS\System32\cfgmgr32.dll
0x00007ffa4f780000 - 0x00007ffa4f826000 	C:\WINDOWS\System32\shcore.dll
0x00007ffa4dec0000 - 0x00007ffa4e607000 	C:\WINDOWS\System32\windows.storage.dll
0x00007ffa4d970000 - 0x00007ffa4d981000 	C:\WINDOWS\System32\kernel.appcore.dll
0x00007ffa4d9b0000 - 0x00007ffa4d9fc000 	C:\WINDOWS\System32\powrprof.dll
0x00007ffa4d990000 - 0x00007ffa4d9ab000 	C:\WINDOWS\System32\profapi.dll
0x00000000588d0000 - 0x00000000588f7000 	D:\Program Files\Python36\lib\site-packages\pywin32_system32\pywintypes36.dll
0x00007ffa43060000 - 0x00007ffa4306c000 	C:\WINDOWS\SYSTEM32\secur32.dll
0x00007ffa4d870000 - 0x00007ffa4d8a0000 	C:\WINDOWS\SYSTEM32\SSPICLI.DLL
0x00000000588c0000 - 0x00000000588c9000 	D:\Program Files\Python36\lib\site-packages\win32\_win32sysloader.pyd
0x0000000058820000 - 0x00000000588b6000 	D:\Program Files\Python36\lib\site-packages\pywin32_system32\pythoncom36.dll
0x00007ffa4bc90000 - 0x00007ffa4bd25000 	C:\WINDOWS\system32\uxtheme.dll
0x00007ffa451c0000 - 0x00007ffa4538c000 	C:\WINDOWS\SYSTEM32\urlmon.dll
0x00007ffa4eee0000 - 0x00007ffa4eefd000 	C:\WINDOWS\System32\imagehlp.dll
0x00007ffa44c20000 - 0x00007ffa44eb9000 	C:\WINDOWS\SYSTEM32\iertutil.dll
0x00007ffa47290000 - 0x00007ffa472a0000 	D:\Program Files\Python36\lib\site-packages\ujson.cp36-win_amd64.pyd
0x00007ffa20f10000 - 0x00007ffa210b6000 	D:\Program Files\Python36\lib\site-packages\numpy\core\multiarray.cp36-win_amd64.pyd
0x000000006b780000 - 0x000000006dbd7000 	D:\Program Files\Python36\lib\site-packages\numpy\.libs\libopenblas.BNVRK7633HSX7YVO2TADGR4A5KEKXJAW.gfortran-win_amd64.dll
0x00007ffa27fd0000 - 0x00007ffa2809b000 	D:\Program Files\Python36\lib\site-packages\numpy\core\umath.cp36-win_amd64.pyd
0x00007ffa47280000 - 0x00007ffa4728b000 	D:\Program Files\Python36\lib\site-packages\numpy\linalg\lapack_lite.cp36-win_amd64.pyd
0x00007ffa2e220000 - 0x00007ffa2e241000 	D:\Program Files\Python36\lib\site-packages\numpy\linalg\_umath_linalg.cp36-win_amd64.pyd
0x00007ffa3f980000 - 0x00007ffa3f998000 	D:\Program Files\Python36\lib\site-packages\numpy\fft\fftpack_lite.cp36-win_amd64.pyd
0x00007ffa26ab0000 - 0x00007ffa26b61000 	D:\Program Files\Python36\lib\site-packages\numpy\random\mtrand.cp36-win_amd64.pyd
0x00007ffa3d670000 - 0x00007ffa3d684000 	D:\Program Files\Python36\lib\site-packages\preshed\maps.cp36-win_amd64.pyd
0x00007ffa47270000 - 0x00007ffa47280000 	D:\Program Files\Python36\lib\site-packages\cymem\cymem.cp36-win_amd64.pyd
0x00007ffa35320000 - 0x00007ffa3533e000 	D:\Program Files\Python36\lib\site-packages\thinc\neural\optimizers.cp36-win_amd64.pyd
0x00007ffa2d7e0000 - 0x00007ffa2d86e000 	D:\Program Files\Python36\lib\site-packages\thinc\neural\ops.cp36-win_amd64.pyd
0x00007ffa3fef0000 - 0x00007ffa3feff000 	D:\Program Files\Python36\lib\site-packages\thinc\linalg.cp36-win_amd64.pyd
0x00007ffa3f8a0000 - 0x00007ffa3f8ab000 	D:\Program Files\Python36\lib\site-packages\murmurhash\mrmr.cp36-win_amd64.pyd
0x00007ffa29db0000 - 0x00007ffa29df9000 	D:\Program Files\Python36\lib\site-packages\cytoolz\itertoolz.cp36-win_amd64.pyd
0x00007ffa3e790000 - 0x00007ffa3e79f000 	D:\Program Files\Python36\lib\site-packages\cytoolz\utils.cp36-win_amd64.pyd
0x00007ffa2e1e0000 - 0x00007ffa2e214000 	D:\Program Files\Python36\lib\site-packages\cytoolz\functoolz.cp36-win_amd64.pyd
0x00007ffa2da00000 - 0x00007ffa2da21000 	D:\Program Files\Python36\lib\site-packages\cytoolz\dicttoolz.cp36-win_amd64.pyd
0x00007ffa33a50000 - 0x00007ffa33a61000 	D:\Program Files\Python36\lib\site-packages\cytoolz\recipes.cp36-win_amd64.pyd
0x0000000058810000 - 0x000000005881b000 	D:\Program Files\Python36\DLLs\_multiprocessing.pyd
0x00007ffa3e0c0000 - 0x00007ffa3e0cf000 	D:\Program Files\Python36\lib\site-packages\wrapt\_wrappers.cp36-win_amd64.pyd
0x0000000000100000 - 0x0000000000165000 	D:\Program Files\Python36\lib\site-packages\_regex.pyd
0x00007ffa2dad0000 - 0x00007ffa2daf0000 	D:\Program Files\Python36\lib\site-packages\spacy\symbols.cp36-win_amd64.pyd
0x00007ffa2d7c0000 - 0x00007ffa2d7d6000 	D:\Program Files\Python36\lib\site-packages\spacy\attrs.cp36-win_amd64.pyd
0x00007ffa29160000 - 0x00007ffa291ae000 	D:\Program Files\Python36\lib\site-packages\spacy\gold.cp36-win_amd64.pyd
0x00007ffa2d1c0000 - 0x00007ffa2d1e0000 	D:\Program Files\Python36\lib\site-packages\spacy\strings.cp36-win_amd64.pyd
0x00007ffa2c830000 - 0x00007ffa2c859000 	D:\Program Files\Python36\lib\site-packages\spacy\morphology.cp36-win_amd64.pyd
0x00007ffa29b00000 - 0x00007ffa29b3b000 	D:\Program Files\Python36\lib\site-packages\spacy\vocab.cp36-win_amd64.pyd
0x00007ffa29a80000 - 0x00007ffa29ab5000 	D:\Program Files\Python36\lib\site-packages\spacy\lexeme.cp36-win_amd64.pyd
0x00007ffa2bfc0000 - 0x00007ffa2bfd6000 	D:\Program Files\Python36\lib\site-packages\preshed\counter.cp36-win_amd64.pyd
0x00007ffa27120000 - 0x00007ffa27187000 	D:\Program Files\Python36\lib\site-packages\spacy\tokens\doc.cp36-win_amd64.pyd
0x00007ffa29120000 - 0x00007ffa29154000 	D:\Program Files\Python36\lib\site-packages\spacy\tokens\span.cp36-win_amd64.pyd
0x00007ffa28ef0000 - 0x00007ffa28f33000 	D:\Program Files\Python36\lib\site-packages\spacy\tokens\token.cp36-win_amd64.pyd
0x00007ffa27770000 - 0x00007ffa2778a000 	D:\Program Files\Python36\lib\site-packages\spacy\parts_of_speech.cp36-win_amd64.pyd
0x00007ffa26a70000 - 0x00007ffa26aa4000 	D:\Program Files\Python36\lib\site-packages\spacy\vectors.cp36-win_amd64.pyd
0x00007ffa25df0000 - 0x00007ffa25e21000 	D:\Program Files\Python36\lib\site-packages\thinc\linear\linear.cp36-win_amd64.pyd
0x00007ffa25dd0000 - 0x00007ffa25dea000 	D:\Program Files\Python36\lib\site-packages\spacy\syntax\stateclass.cp36-win_amd64.pyd
0x00007ffa25da0000 - 0x00007ffa25dc4000 	D:\Program Files\Python36\lib\site-packages\spacy\syntax\transition_system.cp36-win_amd64.pyd
0x00007ffa25ca0000 - 0x00007ffa25cc3000 	D:\Program Files\Python36\lib\site-packages\spacy\syntax\nonproj.cp36-win_amd64.pyd
0x00007ffa237b0000 - 0x00007ffa23845000 	D:\Program Files\Python36\lib\site-packages\_jpype.cp36-win_amd64.pyd
0x00007ffa23c90000 - 0x00007ffa23cea000 	D:\Program Files\Python36\lib\site-packages\pycrfsuite\_pycrfsuite.cp36-win_amd64.pyd
0x00007ffa2e070000 - 0x00007ffa2e10c000 	C:\WINDOWS\SYSTEM32\MSVCP140.dll
0x00007ffa3d640000 - 0x00007ffa3d64a000 	D:\Program Files\Python36\lib\site-packages\sklearn\__check_build\_check_build.cp36-win_amd64.pyd
0x00007ffa25c80000 - 0x00007ffa25c96000 	D:\Program Files\Python36\lib\site-packages\scipy\_lib\_ccallback_c.cp36-win_amd64.pyd
0x00007ffa18950000 - 0x00007ffa18ba5000 	D:\Program Files\Python36\lib\site-packages\scipy\sparse\_sparsetools.cp36-win_amd64.pyd
0x00007ffa23bb0000 - 0x00007ffa23c1b000 	D:\Program Files\Python36\lib\site-packages\scipy\sparse\_csparsetools.cp36-win_amd64.pyd
0x00007ffa25c60000 - 0x00007ffa25c76000 	D:\Program Files\Python36\lib\site-packages\sklearn\utils\murmurhash.cp36-win_amd64.pyd
0x00007ffa23780000 - 0x00007ffa237a3000 	D:\Program Files\Python36\lib\site-packages\scipy\sparse\linalg\isolve\_iterative.cp36-win_amd64.pyd
0x0000000067ec0000 - 0x0000000067f26000 	D:\Program Files\Python36\lib\site-packages\scipy\extra-dll\libSTOPTEST.B2ZVH7DO5DVZYDS75ZSCHXD5G43HCYD4.gfortran-win_amd64.dll
0x00007ffa23360000 - 0x00007ffa233f2000 	D:\Program Files\Python36\lib\site-packages\scipy\linalg\_fblas.cp36-win_amd64.pyd
0x0000000070f80000 - 0x0000000070f9d000 	D:\Program Files\Python36\lib\site-packages\scipy\extra-dll\libwrap_dum.JPPGMGH3MZCSHXFMQQGFOSCGZ7ZEQKKE.gfortran-win_amd64.dll
0x00007ffa20730000 - 0x00007ffa2084e000 	D:\Program Files\Python36\lib\site-packages\scipy\linalg\_flapack.cp36-win_amd64.pyd
0x0000000061ec0000 - 0x0000000061ef6000 	D:\Program Files\Python36\lib\site-packages\scipy\extra-dll\libwrap_dum.26QQ3L55FU6KXMGPYDA53KYMCT2TU35H.gfortran-win_amd64.dll
0x00007ffa23c70000 - 0x00007ffa23c82000 	D:\Program Files\Python36\lib\site-packages\scipy\linalg\_flinalg.cp36-win_amd64.pyd
0x0000000065a80000 - 0x0000000065a9e000 	D:\Program Files\Python36\lib\site-packages\scipy\extra-dll\libdet.CF6EYFUDEYPH43I3Z6PMABQVSHN33WMB.gfortran-win_amd64.dll
0x00007ffa234d0000 - 0x00007ffa23505000 	D:\Program Files\Python36\lib\site-packages\scipy\linalg\_solve_toeplitz.cp36-win_amd64.pyd
0x00007ffa23310000 - 0x00007ffa23353000 	D:\Program Files\Python36\lib\site-packages\scipy\linalg\_decomp_update.cp36-win_amd64.pyd
0x00007ffa23490000 - 0x00007ffa234ca000 	D:\Program Files\Python36\lib\site-packages\scipy\linalg\cython_blas.cp36-win_amd64.pyd
0x000000006b140000 - 0x000000006b16b000 	D:\Program Files\Python36\lib\site-packages\scipy\extra-dll\lib_blas_su.SU77LBR3GCSGWOMPF2EOOUNRTVGOH5QW.gfortran-win_amd64.dll
0x00007ffa20690000 - 0x00007ffa20729000 	D:\Program Files\Python36\lib\site-packages\scipy\linalg\cython_lapack.cp36-win_amd64.pyd
0x00007ffa22bf0000 - 0x00007ffa22c3d000 	D:\Program Files\Python36\lib\site-packages\scipy\sparse\linalg\dsolve\_superlu.cp36-win_amd64.pyd
0x00007ffa231a0000 - 0x00007ffa231c7000 	D:\Program Files\Python36\lib\site-packages\scipy\sparse\linalg\eigen\arpack\_arpack.cp36-win_amd64.pyd
0x000000006a6c0000 - 0x000000006a856000 	D:\Program Files\Python36\lib\site-packages\scipy\extra-dll\lib_arpack-.E27K2SF75AFV2JAJA2UCDNNFYUB5PRKN.gfortran-win_amd64.dll
0x00007ffa20570000 - 0x00007ffa20611000 	D:\Program Files\Python36\lib\site-packages\scipy\special\_ufuncs.cp36-win_amd64.pyd
0x0000000071180000 - 0x0000000071409000 	D:\Program Files\Python36\lib\site-packages\scipy\extra-dll\libdgamln.HCGQFIEXCOZOROCO5Y4HSBVSKT76OCHM.gfortran-win_amd64.dll
0x00007ffa232f0000 - 0x00007ffa2330b000 	D:\Program Files\Python36\lib\site-packages\scipy\special\_ufuncs_cxx.cp36-win_amd64.pyd
0x00007ffa22ee0000 - 0x00007ffa22efe000 	D:\Program Files\Python36\lib\site-packages\scipy\special\specfun.cp36-win_amd64.pyd

VM Arguments:
jvm_args: -Xms128m -Xmx2048m 
java_command: <unknown>
java_class_path (initial): D:\Program Files\Python36\lib\site-packages\duckling\jars\clj-time-0.8.0.jar;D:\Program Files\Python36\lib\site-packages\duckling\jars\clojure-1.8.0.jar;D:\Program Files\Python36\lib\site-packages\duckling\jars\duckling-0.4.23.jar;D:\Program Files\Python36\lib\site-packages\duckling\jars\joda-time-2.3.jar;D:\Program Files\Python36\lib\site-packages\duckling\jars\lazymap-3.1.0.jar;D:\Program Files\Python36\lib\site-packages\duckling\jars\plumbing-0.5.3.jar;D:\Program Files\Python36\lib\site-packages\duckling\jars\schema-1.0.1.jar;D:\Program Files\Python36\lib\site-packages\duckling\jars\tools.logging-0.2.6.jar
Launcher Type: generic

Logging:
Log output configuration:
#0: stdout all=warning uptime,level,tags
#1: stderr all=off uptime,level,tags

Environment Variables:
JAVA_HOME=D:\Program Files\Java\jdk-9.0.4
PATH=D:\Program Files\Python36\Scripts\;D:\Program Files\Python36\;C:\Program Files\Microsoft MPI\Bin\;C:\ProgramData\Oracle\Java\javapath;C:\WINDOWS\system32;C:\WINDOWS;C:\WINDOWS\System32\Wbem;C:\WINDOWS\System32\WindowsPowerShell\v1.0\;C:\Program Files\nodejs\;C:\Program Files\Git\cmd;C:\Go\bin;D:\Program Files\Java\jdk-9.0.4\bin;C:\TDM-GCC-64\bin;D:\Program Files\Redis\;C:\Program Files (x86)\Windows Kits\10\Windows Performance Toolkit\;C:\Program Files\Microsoft SQL Server\130\Tools\Binn\;C:\Program Files\dotnet\;C:\Program Files (x86)\Microsoft SQL Server\130\Tools\Binn\;C:\Program Files (x86)\Microsoft SQL Server\130\DTS\Binn\;C:\Program Files\Microsoft SQL Server\130\DTS\Binn\;C:\Program Files\Microsoft SQL Server\Client SDK\ODBC\130\Tools\Binn\;C:\Program Files (x86)\Microsoft SQL Server\Client SDK\ODBC\130\Tools\Binn\;C:\Program Files (x86)\Microsoft SQL Server\140\Tools\Binn\;C:\Program Files (x86)\Microsoft SQL Server\140\DTS\Binn\;C:\Program Files (x86)\Microsoft SQL Server\140\Tools\Binn\ManagementStudio\;D:\Program Files (x86)\sbt\bin;C:\Ruby25-x64\bin;C:\Users\Pawan\.cargo\bin;C:\Users\Pawan\AppData\Local\Microsoft\WindowsApps;C:\Users\Pawan\AppData\Roaming\npm;S:\Learnings\GoLang\Go-Workspace\bin;D:\Program Files (x86)Microsoft Visual Studio\2017\Community\VC\Tools\MSVC\14.10.25017\bin\HostX64\x64;C:\Users\Pawan\AppData\Local\GitHubDesktop\bin;C:\Users\Pawan\AppData\Local\Microsoft\WindowsApps;C:\Program Files (x86)\Microsoft Visual Studio\2017\Community\VC\Auxiliary\Build;C:\Program Files (x86)\Microsoft Visual Studio\2017\Community\VC\Tools\MSVC\14.10.25017\bin\Hostx64\x64;C:\Program Files\Microsoft VS Code\bin;;D:\Program Files\Python36\lib\site-packages\pywin32_system32;D:\Program Files\Python36\lib\site-packages\numpy\.libs;D:\Program Files\Python36\lib\site-packages\scipy\extra-dll
USERNAME=Pawan
OS=Windows_NT
PROCESSOR_IDENTIFIER=AMD64 Family 23 Model 1 Stepping 1, AuthenticAMD



---------------  S Y S T E M  ---------------

OS: Windows 10 , 64 bit Build 16299 (10.0.16299.15)

CPU:total 16 (initial active 16) (16 cores per cpu, 1 threads per core) family 23 model 1 stepping 1, cmov, cx8, fxsr, mmx, sse, sse2, sse3, ssse3, sse4.1, sse4.2, popcnt, avx, avx2, aes, clmul, mmxext, 3dnowpref, lzcnt, sse4a, tsc, tscinvbit, tscinv, bmi1

Memory: 4k page, physical 16695316k(7715468k free), swap 31283600k(9220k free)

vm_info: Java HotSpot(TM) 64-Bit Server VM (9.0.4+11) for windows-amd64 JRE (9.0.4+11), built on Dec 20 2017 02:18:54 by "mach5one" with MS VC++ 12.0 (VS2013)

END.
